{"/home/runner/work/ogpng/ogpng/src/infrastructure/Firebase.ts": {"path":"/home/runner/work/ogpng/ogpng/src/infrastructure/Firebase.ts","statementMap":{"0":{"start":{"line":1,"column":0},"end":{"line":1,"column":36}},"1":{"start":{"line":2,"column":0},"end":{"line":2,"column":28}},"2":{"start":{"line":3,"column":0},"end":{"line":3,"column":26}},"3":{"start":{"line":7,"column":13},"end":{"line":34,"column":2}},"4":{"start":{"line":8,"column":2},"end":{"line":33,"column":null}},"5":{"start":{"line":10,"column":6},"end":{"line":19,"column":8}},"6":{"start":{"line":21,"column":6},"end":{"line":30,"column":8}},"7":{"start":{"line":32,"column":6},"end":{"line":32,"column":40}},"8":{"start":{"line":36,"column":0},"end":{"line":36,"column":null}},"9":{"start":{"line":43,"column":4},"end":{"line":49,"column":null}},"10":{"start":{"line":44,"column":18},"end":{"line":44,"column":57}},"11":{"start":{"line":45,"column":6},"end":{"line":45,"column":34}},"12":{"start":{"line":46,"column":6},"end":{"line":48,"column":null}},"13":{"start":{"line":47,"column":8},"end":{"line":47,"column":29}},"14":{"start":{"line":50,"column":4},"end":{"line":52,"column":null}},"15":{"start":{"line":51,"column":6},"end":{"line":51,"column":27}},"16":{"start":{"line":55,"column":2},"end":{"line":58,"column":null}},"17":{"start":{"line":56,"column":4},"end":{"line":56,"column":13}},"18":{"start":{"line":57,"column":4},"end":{"line":57,"column":17}},"19":{"start":{"line":60,"column":2},"end":{"line":66,"column":null}},"20":{"start":{"line":61,"column":4},"end":{"line":61,"column":32}},"21":{"start":{"line":62,"column":4},"end":{"line":64,"column":null}},"22":{"start":{"line":63,"column":6},"end":{"line":63,"column":38}},"23":{"start":{"line":65,"column":4},"end":{"line":65,"column":26}},"24":{"start":{"line":68,"column":2},"end":{"line":75,"column":null}},"25":{"start":{"line":69,"column":4},"end":{"line":74,"column":null}},"26":{"start":{"line":70,"column":6},"end":{"line":70,"column":23}},"27":{"start":{"line":72,"column":6},"end":{"line":72,"column":33}},"28":{"start":{"line":73,"column":6},"end":{"line":73,"column":23}},"29":{"start":{"line":77,"column":2},"end":{"line":84,"column":null}},"30":{"start":{"line":78,"column":4},"end":{"line":83,"column":null}},"31":{"start":{"line":79,"column":6},"end":{"line":79,"column":27}},"32":{"start":{"line":81,"column":6},"end":{"line":81,"column":41}},"33":{"start":{"line":82,"column":6},"end":{"line":82,"column":27}},"34":{"start":{"line":85,"column":0},"end":{"line":85,"column":null}}},"fnMap":{"0":{"name":"(anonymous_1)","decl":{"start":{"line":7,"column":33},"end":{"line":7,"column":34}},"loc":{"start":{"line":7,"column":46},"end":{"line":34,"column":1}}},"1":{"name":"(anonymous_2)","decl":{"start":{"line":36,"column":0},"end":{"line":36,"column":null}},"loc":{"start":{"line":36,"column":0},"end":{"line":85,"column":null}}},"2":{"name":"Firebase","decl":{"start":{"line":41,"column":2},"end":{"line":41,"column":null}},"loc":{"start":{"line":41,"column":2},"end":{"line":53,"column":3}}},"3":{"name":"(anonymous_4)","decl":{"start":{"line":55,"column":2},"end":{"line":55,"column":6}},"loc":{"start":{"line":55,"column":2},"end":{"line":58,"column":3}}},"4":{"name":"(anonymous_5)","decl":{"start":{"line":60,"column":2},"end":{"line":60,"column":20}},"loc":{"start":{"line":60,"column":2},"end":{"line":66,"column":3}}},"5":{"name":"(anonymous_6)","decl":{"start":{"line":68,"column":2},"end":{"line":68,"column":13}},"loc":{"start":{"line":68,"column":2},"end":{"line":75,"column":3}}},"6":{"name":"(anonymous_7)","decl":{"start":{"line":77,"column":2},"end":{"line":77,"column":13}},"loc":{"start":{"line":77,"column":2},"end":{"line":84,"column":3}}}},"branchMap":{"0":{"loc":{"start":{"line":9,"column":4},"end":{"line":19,"column":8}},"type":"switch","locations":[{"start":{"line":9,"column":4},"end":{"line":19,"column":8}},{"start":{"line":20,"column":4},"end":{"line":30,"column":8}},{"start":{"line":31,"column":4},"end":{"line":32,"column":40}}]},"1":{"loc":{"start":{"line":43,"column":4},"end":{"line":49,"column":null}},"type":"if","locations":[{"start":{"line":43,"column":4},"end":{"line":49,"column":null}},{"start":{"line":43,"column":4},"end":{"line":49,"column":null}}]},"2":{"loc":{"start":{"line":46,"column":6},"end":{"line":48,"column":null}},"type":"if","locations":[{"start":{"line":46,"column":6},"end":{"line":48,"column":null}},{"start":{"line":46,"column":6},"end":{"line":48,"column":null}}]},"3":{"loc":{"start":{"line":50,"column":4},"end":{"line":52,"column":null}},"type":"if","locations":[{"start":{"line":50,"column":4},"end":{"line":52,"column":null}},{"start":{"line":50,"column":4},"end":{"line":52,"column":null}}]},"4":{"loc":{"start":{"line":62,"column":4},"end":{"line":64,"column":null}},"type":"if","locations":[{"start":{"line":62,"column":4},"end":{"line":64,"column":null}},{"start":{"line":62,"column":4},"end":{"line":64,"column":null}}]},"5":{"loc":{"start":{"line":69,"column":4},"end":{"line":74,"column":null}},"type":"if","locations":[{"start":{"line":69,"column":4},"end":{"line":74,"column":null}},{"start":{"line":69,"column":4},"end":{"line":74,"column":null}}]},"6":{"loc":{"start":{"line":78,"column":4},"end":{"line":83,"column":null}},"type":"if","locations":[{"start":{"line":78,"column":4},"end":{"line":83,"column":null}},{"start":{"line":78,"column":4},"end":{"line":83,"column":null}}]}},"s":{"0":1,"1":1,"2":1,"3":1,"4":1,"5":0,"6":0,"7":1,"8":1,"9":0,"10":0,"11":0,"12":0,"13":0,"14":0,"15":0,"16":1,"17":0,"18":0,"19":1,"20":0,"21":0,"22":0,"23":0,"24":1,"25":0,"26":0,"27":0,"28":0,"29":1,"30":0,"31":0,"32":0,"33":0,"34":1},"f":{"0":1,"1":1,"2":0,"3":0,"4":0,"5":0,"6":0},"b":{"0":[0,0,1],"1":[0,0],"2":[0,0],"3":[0,0],"4":[0,0],"5":[0,0],"6":[0,0]}}
}
