TN:
SF:src/infrastructure/Firebase.ts
FN:7,(anonymous_1)
FN:36,(anonymous_2)
FN:41,Firebase
FN:55,(anonymous_4)
FN:60,(anonymous_5)
FN:68,(anonymous_6)
FN:77,(anonymous_7)
FNF:7
FNH:2
FNDA:1,(anonymous_1)
FNDA:1,(anonymous_2)
FNDA:0,Firebase
FNDA:0,(anonymous_4)
FNDA:0,(anonymous_5)
FNDA:0,(anonymous_6)
FNDA:0,(anonymous_7)
DA:1,1
DA:2,1
DA:3,1
DA:7,1
DA:8,1
DA:10,0
DA:21,0
DA:32,1
DA:36,1
DA:43,0
DA:44,0
DA:45,0
DA:46,0
DA:47,0
DA:50,0
DA:51,0
DA:55,1
DA:56,0
DA:57,0
DA:60,1
DA:61,0
DA:62,0
DA:63,0
DA:65,0
DA:68,1
DA:69,0
DA:70,0
DA:72,0
DA:73,0
DA:77,1
DA:78,0
DA:79,0
DA:81,0
DA:82,0
DA:85,1
LF:35
LH:12
BRDA:9,0,0,0
BRDA:9,0,1,0
BRDA:9,0,2,1
BRDA:43,1,0,0
BRDA:43,1,1,0
BRDA:46,2,0,0
BRDA:46,2,1,0
BRDA:50,3,0,0
BRDA:50,3,1,0
BRDA:62,4,0,0
BRDA:62,4,1,0
BRDA:69,5,0,0
BRDA:69,5,1,0
BRDA:78,6,0,0
BRDA:78,6,1,0
BRF:15
BRH:1
end_of_record
